2026-02-12 03:40:42,486 - reachy_mini.daemon.daemon - INFO - Daemon version: 1.3.0
2026-02-12 03:40:42,536 - uvicorn.error - INFO - Started server process [97879]
2026-02-12 03:40:42,536 - uvicorn.error - INFO - Waiting for application startup.
2026-02-12 03:40:42,536 - root - INFO - Dataset updater started (interval: 24.0h)
2026-02-12 03:40:42,536 - reachy_mini.daemon.daemon - INFO - Daemon start parameters: sim=False, mockup_sim=False, serialport=auto, scene=empty, localhost_only=True, wake_up_on_start=True, check_collision=False, kinematics_engine=AnalyticalKinematics, headless=False, hardware_config_filepath=/opt/homebrew/Caskroom/miniconda/base/lib/python3.12/site-packages/reachy_mini/assets/config/hardware_config.yaml
2026-02-12 03:40:42,536 - reachy_mini.daemon.daemon - INFO - Starting Reachy Mini daemon...
2026-02-12 03:40:42,537 - reachy_mini.daemon.daemon - INFO - Found Reachy Mini serial port: /dev/cu.usbmodem5B420756051
2026-02-12 03:40:42,537 - reachy_mini.daemon.daemon - INFO - Creating RobotBackend with parameters: serialport=/dev/cu.usbmodem5B420756051, check_collision=False, kinematics_engine=AnalyticalKinematics
Looking for motor with ID 10 on port /dev/cu.usbmodem5B420756051...[OK]
Disabling torque for motor with ID 10...[OK]
Changing offset for motor with ID 10 to 0...[OK]
Changing angle limits for motor with ID 10 to [0, 4095]...[OK]
Changing shutdown error for motor with ID 10 to 52...[OK]
Changing return delay time for motor with ID 10 to 0...[OK]
Changing operating mode for motor with ID 10 to 3...[OK]
Checking configuration...
Found motor with ID 10 [OK].
Return delay time is correct: 0 [OK].
Operating mode is correct: 3 [OK].
Angle limits are correct: [0, 4095] [OK].
Homing offset is correct: 0 [OK].
Shutdown error is correct: 52 [OK].
Configuration is correct [OK]!
Looking for motor with ID 11 on port /dev/cu.usbmodem5B420756051...[OK]
Disabling torque for motor with ID 11...[OK]
Changing offset for motor with ID 11 to 1024...[OK]
Changing angle limits for motor with ID 11 to [1502, 2958]...[OK]
Changing shutdown error for motor with ID 11 to 52...[OK]
Changing return delay time for motor with ID 11 to 0...[OK]
Changing operating mode for motor with ID 11 to 3...[OK]
Checking configuration...
Found motor with ID 11 [OK].
Return delay time is correct: 0 [OK].
Operating mode is correct: 3 [OK].
Angle limits are correct: [1502, 2958] [OK].
Homing offset is correct: 1024 [OK].
Shutdown error is correct: 52 [OK].
Configuration is correct [OK]!
Looking for motor with ID 12 on port /dev/cu.usbmodem5B420756051...[OK]
Disabling torque for motor with ID 12...[OK]
Changing offset for motor with ID 12 to -1024...[OK]
Changing angle limits for motor with ID 12 to [1138, 2844]...[OK]
Changing shutdown error for motor with ID 12 to 52...[OK]
Changing return delay time for motor with ID 12 to 0...[OK]
Changing operating mode for motor with ID 12 to 3...[OK]
Checking configuration...
Found motor with ID 12 [OK].
Return delay time is correct: 0 [OK].
Operating mode is correct: 3 [OK].
Angle limits are correct: [1138, 2844] [OK].
Homing offset is correct: -1024 [OK].
Shutdown error is correct: 52 [OK].
Configuration is correct [OK]!
Looking for motor with ID 13 on port /dev/cu.usbmodem5B420756051...[OK]
Disabling torque for motor with ID 13...[OK]
Changing offset for motor with ID 13 to 1024...[OK]
Changing angle limits for motor with ID 13 to [1502, 2958]...[OK]
Changing shutdown error for motor with ID 13 to 52...[OK]
Changing return delay time for motor with ID 13 to 0...[OK]
Changing operating mode for motor with ID 13 to 3...[OK]
Checking configuration...
Found motor with ID 13 [OK].
Return delay time is correct: 0 [OK].
Operating mode is correct: 3 [OK].
Angle limits are correct: [1502, 2958] [OK].
Homing offset is correct: 1024 [OK].
Shutdown error is correct: 52 [OK].
Configuration is correct [OK]!
Looking for motor with ID 14 on port /dev/cu.usbmodem5B420756051...[OK]
Disabling torque for motor with ID 14...[OK]
Changing offset for motor with ID 14 to -1024...[OK]
Changing angle limits for motor with ID 14 to [1138, 2594]...[OK]
Changing shutdown error for motor with ID 14 to 52...[OK]
Changing return delay time for motor with ID 14 to 0...[OK]
Changing operating mode for motor with ID 14 to 3...[OK]
Checking configuration...
Found motor with ID 14 [OK].
Return delay time is correct: 0 [OK].
Operating mode is correct: 3 [OK].
Angle limits are correct: [1138, 2594] [OK].
Homing offset is correct: -1024 [OK].
Shutdown error is correct: 52 [OK].
Configuration is correct [OK]!
Looking for motor with ID 15 on port /dev/cu.usbmodem5B420756051...[OK]
Disabling torque for motor with ID 15...[OK]
Changing offset for motor with ID 15 to 1024...[OK]
Changing angle limits for motor with ID 15 to [1252, 2958]...[OK]
Changing shutdown error for motor with ID 15 to 52...[OK]
Changing return delay time for motor with ID 15 to 0...[OK]
Changing operating mode for motor with ID 15 to 3...[OK]
Checking configuration...
Found motor with ID 15 [OK].
Return delay time is correct: 0 [OK].
Operating mode is correct: 3 [OK].
Angle limits are correct: [1252, 2958] [OK].
Homing offset is correct: 1024 [OK].
Shutdown error is correct: 52 [OK].
Configuration is correct [OK]!
Looking for motor with ID 16 on port /dev/cu.usbmodem5B420756051...[OK]
Disabling torque for motor with ID 16...[OK]
Changing offset for motor with ID 16 to -1024...[OK]
Changing angle limits for motor with ID 16 to [1138, 2594]...[OK]
Changing shutdown error for motor with ID 16 to 52...[OK]
Changing return delay time for motor with ID 16 to 0...[OK]
Changing operating mode for motor with ID 16 to 3...[OK]
Checking configuration...
Found motor with ID 16 [OK].
Return delay time is correct: 0 [OK].
Operating mode is correct: 3 [OK].
Angle limits are correct: [1138, 2594] [OK].
Homing offset is correct: -1024 [OK].
Shutdown error is correct: 52 [OK].
Configuration is correct [OK]!
Looking for motor with ID 17 on port /dev/cu.usbmodem5B420756051...[OK]
Disabling torque for motor with ID 17...[OK]
Changing offset for motor with ID 17 to 0...[OK]
Changing angle limits for motor with ID 17 to [0, 4095]...[OK]
Changing shutdown error for motor with ID 17 to 52...[OK]
Changing return delay time for motor with ID 17 to 0...[OK]
Changing operating mode for motor with ID 17 to 3...[OK]
Checking configuration...
Found motor with ID 17 [OK].
Return delay time is correct: 0 [OK].
Operating mode is correct: 3 [OK].
Angle limits are correct: [0, 4095] [OK].
Homing offset is correct: 0 [OK].
Shutdown error is correct: 52 [OK].
Configuration is correct [OK]!
Looking for motor with ID 18 on port /dev/cu.usbmodem5B420756051...[OK]
Disabling torque for motor with ID 18...[OK]
Changing offset for motor with ID 18 to 0...[OK]
Changing angle limits for motor with ID 18 to [0, 4095]...[OK]
Changing shutdown error for motor with ID 18 to 52...[OK]
Changing return delay time for motor with ID 18 to 0...[OK]
Changing operating mode for motor with ID 18 to 3...2026-02-12 03:40:48,128 - reachy_mini.daemon.backend.abstract - INFO - Using AnalyticalKinematics kinematics engine
2026-02-12 03:40:48,141 - reachy_mini.media.media_manager - INFO - Using default media backend (SoundDevice only).
2026-02-12 03:40:48,141 - reachy_mini.media.media_manager - INFO - Using SoundDevice audio backend.
2026-02-12 03:40:48,260 - reachy_mini_motor_controller.control_loop - INFO - Waiting for voltage to be stable at 5V...
2026-02-12 03:40:48,262 - reachy_mini_motor_controller.control_loop - INFO - Voltage is stable at ~5V: [75, 76, 75, 76, 76, 76, 75, 76, 75] (took 0ns)
2026-02-12 03:40:48,271 - reachy_mini.daemon.backend.robot.backend - INFO - Setting PID gains for motor 'body_rotation' (ID: 10): P=200, I=0, D=0
2026-02-12 03:40:48,271 - reachy_mini.daemon.backend.robot.backend - INFO - Setting PID gains for motor 'stewart_1' (ID: 11): P=300, I=0, D=0
2026-02-12 03:40:48,271 - reachy_mini.daemon.backend.robot.backend - INFO - Setting PID gains for motor 'stewart_2' (ID: 12): P=300, I=0, D=0
2026-02-12 03:40:48,271 - reachy_mini.daemon.backend.robot.backend - INFO - Setting PID gains for motor 'stewart_3' (ID: 13): P=300, I=0, D=0
2026-02-12 03:40:48,271 - reachy_mini.daemon.backend.robot.backend - INFO - Setting PID gains for motor 'stewart_4' (ID: 14): P=300, I=0, D=0
2026-02-12 03:40:48,271 - reachy_mini.daemon.backend.robot.backend - INFO - Setting PID gains for motor 'stewart_5' (ID: 15): P=300, I=0, D=0
2026-02-12 03:40:48,271 - reachy_mini.daemon.backend.robot.backend - INFO - Setting PID gains for motor 'stewart_6' (ID: 16): P=300, I=0, D=0
2026-02-12 03:40:48,271 - reachy_mini.daemon.backend.robot.backend - INFO - Setting PID gains for motor 'right_antenna' (ID: 17): P=200, I=0, D=0
2026-02-12 03:40:48,271 - reachy_mini.daemon.backend.robot.backend - INFO - Setting PID gains for motor 'left_antenna' (ID: 18): P=200, I=0, D=0
2026-02-12 03:40:48,271 - reachy_mini.daemon.backend.robot.backend - INFO - Motor control mode: MotorControlMode.Disabled
2026-02-12 03:40:48,791 - reachy_mini.daemon.daemon - INFO - Waking up Reachy Mini...
2026-02-12 03:40:50,600 - reachy_mini.media.audio_base - INFO - SoundDevice audio output stream opened.
2026-02-12 03:40:51,773 - reachy_mini.media.audio_base - INFO - SoundDevice audio output stream closed.
2026-02-12 03:40:51,774 - reachy_mini.daemon.daemon - INFO - Daemon started successfully.
2026-02-12 03:40:51,774 - uvicorn.error - INFO - Application startup complete.
2026-02-12 03:40:51,775 - uvicorn.error - INFO - Uvicorn running on http://0.0.0.0:8000 (Press CTRL+C to quit)
2026-02-12 03:42:00,694 - uvicorn.access - INFO - 127.0.0.1:57803 - "POST /api/move/goto HTTP/1.1" 200
2026-02-12 03:42:00,712 - uvicorn.access - INFO - 127.0.0.1:57805 - "GET /api/state/full HTTP/1.1" 200
2026-02-12 03:42:06,412 - uvicorn.access - INFO - 127.0.0.1:57813 - "POST /api/move/goto HTTP/1.1" 200
2026-02-12 03:42:06,435 - uvicorn.access - INFO - 127.0.0.1:57815 - "GET /api/state/full HTTP/1.1" 200
2026-02-12 03:42:06,458 - uvicorn.access - INFO - 127.0.0.1:57817 - "POST /api/move/goto HTTP/1.1" 200
2026-02-12 03:42:06,478 - uvicorn.access - INFO - 127.0.0.1:57819 - "GET /api/state/full HTTP/1.1" 200
2026-02-12 03:42:13,160 - uvicorn.access - INFO - 127.0.0.1:57826 - "POST /api/move/goto HTTP/1.1" 200
2026-02-12 03:42:13,180 - uvicorn.access - INFO - 127.0.0.1:57828 - "GET /api/state/full HTTP/1.1" 200
2026-02-12 03:42:15,720 - uvicorn.access - INFO - 127.0.0.1:57833 - "POST /api/move/goto HTTP/1.1" 200
2026-02-12 03:42:15,742 - uvicorn.access - INFO - 127.0.0.1:57835 - "GET /api/state/full HTTP/1.1" 200
2026-02-12 03:42:54,230 - uvicorn.error - INFO - Shutting down
2026-02-12 03:42:54,332 - uvicorn.error - INFO - Waiting for application shutdown.
2026-02-12 03:42:54,332 - root - INFO - Dataset updater task cancelled
2026-02-12 03:42:54,332 - root - INFO - Shutting down app manager...
2026-02-12 03:42:54,332 - root - INFO - Shutting down daemon...
2026-02-12 03:42:54,332 - reachy_mini.daemon.daemon - INFO - Stopping Reachy Mini daemon...
2026-02-12 03:42:54,332 - reachy_mini.daemon.daemon - INFO - Putting Reachy Mini to sleep...
2026-02-12 03:42:54,368 - reachy_mini.media.audio_base - INFO - SoundDevice audio output stream opened.
2026-02-12 03:42:58,510 - reachy_mini.media.audio_base - INFO - SoundDevice audio output stream closed.
2026-02-12 03:42:58,537 - reachy_mini.daemon.daemon - INFO - Daemon stopped successfully.
2026-02-12 03:42:58,538 - uvicorn.error - INFO - Application shutdown complete.
2026-02-12 03:42:58,538 - uvicorn.error - INFO - Finished server process [97879]
[OK]
Checking configuration...
Found motor with ID 18 [OK].
Return delay time is correct: 0 [OK].
Operating mode is correct: 3 [OK].
Angle limits are correct: [0, 4095] [OK].
Homing offset is correct: 0 [OK].
Shutdown error is correct: 52 [OK].
Configuration is correct [OK]!
